2015-04-18 15:34:37.131 Wave Transit[9384:2431969] DiskCookieStorage changing policy from 2 to 0, cookie file: file:///Users/slr1076/Library/Developer/CoreSimulator/Devices/CB8C1184-D756-4C32-9203-C1D0B491C301/data/Containers/Data/Application/6AD2C10E-1E07-4D78-A8B5-DC43FD45B45C/Library/Cookies/Cookies.binarycookies
2015-04-18 15:34:37.207 Wave Transit[9384:2431969] Apache Cordova native platform version 3.8.0 is starting.
2015-04-18 15:34:37.207 Wave Transit[9384:2431969] Multi-tasking -> Device: YES, App: YES
2015-04-18 15:34:37.208 Wave Transit[9384:2431969] Unlimited access to network resources
2015-04-18 15:34:37.395 Wave Transit[9384:2431969] Resetting plugins due to page load.
2015-04-18 15:34:37.613 Wave Transit[9384:2431969] Finished load of: file:///Users/slr1076/Library/Developer/CoreSimulator/Devices/CB8C1184-D756-4C32-9203-C1D0B491C301/data/Containers/Bundle/Application/588ABE59-50EA-4B4C-A1FC-16BE5D4D19D8/Wave%20Transit.app/www/index.html#/app/start
2015-04-18 15:34:42.159 Wave Transit[9581:2432338] DiskCookieStorage changing policy from 2 to 0, cookie file: file:///Users/slr1076/Library/Developer/CoreSimulator/Devices/CB8C1184-D756-4C32-9203-C1D0B491C301/data/Containers/Data/Application/7B0728FC-0B5D-42B3-8E5E-0D133A6B3EF6/Library/Cookies/Cookies.binarycookies
2015-04-18 15:34:42.222 Wave Transit[9581:2432338] Apache Cordova native platform version 3.8.0 is starting.
2015-04-18 15:34:42.223 Wave Transit[9581:2432338] Multi-tasking -> Device: YES, App: YES
2015-04-18 15:34:42.223 Wave Transit[9581:2432338] Unlimited access to network resources
2015-04-18 15:34:42.407 Wave Transit[9581:2432338] Resetting plugins due to page load.
2015-04-18 15:34:42.626 Wave Transit[9581:2432338] Finished load of: file:///Users/slr1076/Library/Developer/CoreSimulator/Devices/CB8C1184-D756-4C32-9203-C1D0B491C301/data/Containers/Bundle/Application/D4DB4420-8165-419F-A1B0-3AA3E45EECA0/Wave%20Transit.app/www/index.html#/app/start
2015-04-18 15:40:01.505 Wave Transit[10859:2442738] DiskCookieStorage changing policy from 2 to 0, cookie file: file:///Users/slr1076/Library/Developer/CoreSimulator/Devices/CB8C1184-D756-4C32-9203-C1D0B491C301/data/Containers/Data/Application/3F5C922E-EE27-4BD7-AE79-B27E5ECB822F/Library/Cookies/Cookies.binarycookies
2015-04-18 15:40:01.567 Wave Transit[10859:2442738] Apache Cordova native platform version 3.8.0 is starting.
2015-04-18 15:40:01.567 Wave Transit[10859:2442738] Multi-tasking -> Device: YES, App: YES
2015-04-18 15:40:01.568 Wave Transit[10859:2442738] Unlimited access to network resources
2015-04-18 15:40:01.844 Wave Transit[10859:2442738] Resetting plugins due to page load.
2015-04-18 15:40:02.090 Wave Transit[10859:2442738] Finished load of: file:///Users/slr1076/Library/Developer/CoreSimulator/Devices/CB8C1184-D756-4C32-9203-C1D0B491C301/data/Containers/Bundle/Application/A884CD22-0F0C-4431-9AC7-137C2B0B5A98/Wave%20Transit.app/www/index.html#/app/start
2015-04-21 11:29:12.477 Wave Transit[13026:2455005] DiskCookieStorage changing policy from 2 to 0, cookie file: file:///Users/slr1076/Library/Developer/CoreSimulator/Devices/CB8C1184-D756-4C32-9203-C1D0B491C301/data/Containers/Data/Application/6323E0B8-B859-4CB0-8B6A-255A8E5D98F3/Library/Cookies/Cookies.binarycookies
2015-04-21 11:29:12.544 Wave Transit[13026:2455005] Apache Cordova native platform version 3.8.0 is starting.
2015-04-21 11:29:12.544 Wave Transit[13026:2455005] Multi-tasking -> Device: YES, App: YES
2015-04-21 11:29:12.545 Wave Transit[13026:2455005] Unlimited access to network resources
2015-04-21 11:29:12.742 Wave Transit[13026:2455005] Resetting plugins due to page load.
2015-04-21 11:29:12.889 Wave Transit[13026:2455005] Finished load of: file:///Users/slr1076/Library/Developer/CoreSimulator/Devices/CB8C1184-D756-4C32-9203-C1D0B491C301/data/Containers/Bundle/Application/5A60DA12-4226-4F98-AE7F-94086CD817ED/Wave%20Transit.app/www/index.html#/app/start
2015-04-21 11:29:34.894 Wave Transit[13221:2455649] DiskCookieStorage changing policy from 2 to 0, cookie file: file:///Users/slr1076/Library/Developer/CoreSimulator/Devices/CB8C1184-D756-4C32-9203-C1D0B491C301/data/Containers/Data/Application/39378CBA-AE10-403D-BB2F-4B857F593843/Library/Cookies/Cookies.binarycookies
2015-04-21 11:29:34.960 Wave Transit[13221:2455649] Apache Cordova native platform version 3.8.0 is starting.
2015-04-21 11:29:34.961 Wave Transit[13221:2455649] Multi-tasking -> Device: YES, App: YES
2015-04-21 11:29:34.962 Wave Transit[13221:2455649] Unlimited access to network resources
2015-04-21 11:29:35.145 Wave Transit[13221:2455649] Resetting plugins due to page load.
2015-04-21 11:29:35.326 Wave Transit[13221:2455649] Finished load of: file:///Users/slr1076/Library/Developer/CoreSimulator/Devices/CB8C1184-D756-4C32-9203-C1D0B491C301/data/Containers/Bundle/Application/AB5CB5D2-4781-4321-B334-83235139ACC5/Wave%20Transit.app/www/index.html#/app/start
